Iteration 0
Elapsed time for kappa 309.9219 sec
Elapsed time for experts 126.5004 sec
Elapsed time for households 111.5016 sec
Iteration 1
Elapsed time for kappa 279.8724 sec
Elapsed time for experts 115.3908 sec
Elapsed time for households 123.0175 sec
Iteration 2
Elapsed time for kappa 278.8859 sec
Elapsed time for experts 113.1673 sec
Elapsed time for households 125.7256 sec
Iteration 3
Elapsed time for kappa 266.9705 sec
Elapsed time for experts 132.1167 sec
Elapsed time for households 114.9699 sec
Iteration 4
Elapsed time for kappa 272.9618 sec
Elapsed time for experts 124.1540 sec
Elapsed time for households 113.2235 sec
Iteration 5
Elapsed time for kappa 277.1515 sec
Elapsed time for experts 119.3071 sec
Elapsed time for households 107.4381 sec
Iteration 6
Elapsed time for kappa 278.7680 sec
Elapsed time for experts 123.3666 sec
Elapsed time for households 107.0093 sec
Iteration 7
Elapsed time for kappa 264.6019 sec
Elapsed time for experts 110.7137 sec
Elapsed time for households 121.2297 sec
Iteration 8
Elapsed time for kappa 205.3279 sec
Elapsed time for experts 105.2690 sec
Elapsed time for households 83.3869 sec
Iteration 9
Elapsed time for kappa 196.1535 sec
Elapsed time for experts 88.6801 sec
Elapsed time for households 81.9516 sec
Elapsed time for training 4879.7997 sec
90000 90000 90000 90000
