Iteration 0
Elapsed time for kappa 284.5555 sec
Elapsed time for experts 114.7237 sec
Elapsed time for households 15.8461 sec
Iteration 1
Elapsed time for kappa 251.5451 sec
Elapsed time for experts 109.5458 sec
Elapsed time for households 10.1202 sec
Iteration 2
Elapsed time for kappa 254.0983 sec
Elapsed time for experts 108.9646 sec
Elapsed time for households 10.0302 sec
Iteration 3
Elapsed time for kappa 249.0171 sec
Elapsed time for experts 110.2052 sec
Elapsed time for households 10.3268 sec
Iteration 4
Elapsed time for kappa 248.5931 sec
Elapsed time for experts 106.8157 sec
Elapsed time for households 10.2047 sec
Iteration 5
Elapsed time for kappa 243.1117 sec
Elapsed time for experts 105.2876 sec
Elapsed time for households 10.0872 sec
Iteration 6
Elapsed time for kappa 239.8118 sec
Elapsed time for experts 106.1007 sec
Elapsed time for households 10.1312 sec
Iteration 7
Elapsed time for kappa 243.9183 sec
Elapsed time for experts 105.1485 sec
Elapsed time for households 10.1535 sec
Iteration 8
Elapsed time for kappa 244.4196 sec
Elapsed time for experts 112.4086 sec
Elapsed time for households 10.7455 sec
Iteration 9
Elapsed time for kappa 239.5255 sec
Elapsed time for experts 104.5436 sec
Elapsed time for households 10.3085 sec
Elapsed time for training 3691.0751 sec
90000 90000 90000 90000
