Iteration 0
Elapsed time for kappa 270.3071 sec
Elapsed time for experts 101.8498 sec
Elapsed time for households 94.6844 sec
Iteration 1
Elapsed time for kappa 228.0153 sec
Elapsed time for experts 111.2310 sec
Elapsed time for households 95.0816 sec
Iteration 2
Elapsed time for kappa 222.1960 sec
Elapsed time for experts 113.2260 sec
Elapsed time for households 109.0838 sec
Iteration 3
Elapsed time for kappa 235.1521 sec
Elapsed time for experts 96.3540 sec
Elapsed time for households 111.4451 sec
Iteration 4
Elapsed time for kappa 239.9704 sec
Elapsed time for experts 93.4512 sec
Elapsed time for households 106.6221 sec
Iteration 5
Elapsed time for kappa 248.0377 sec
Elapsed time for experts 101.4972 sec
Elapsed time for households 85.5530 sec
Iteration 6
Elapsed time for kappa 250.4892 sec
Elapsed time for experts 101.8010 sec
Elapsed time for households 101.0546 sec
Iteration 7
Elapsed time for kappa 247.0763 sec
Elapsed time for experts 101.8257 sec
Elapsed time for households 94.9400 sec
Iteration 8
Elapsed time for kappa 243.4000 sec
Elapsed time for experts 107.5868 sec
Elapsed time for households 102.9090 sec
Iteration 9
Elapsed time for kappa 219.1076 sec
Elapsed time for experts 115.7601 sec
Elapsed time for households 96.5236 sec
Elapsed time for training 4447.1334 sec
90000 90000 90000 90000
