Iteration 0
Elapsed time for kappa 149.7332 sec
Elapsed time for experts 61.9466 sec
Elapsed time for households 52.3805 sec
Iteration 1
Elapsed time for kappa 124.9462 sec
Elapsed time for experts 58.4615 sec
Elapsed time for households 46.3895 sec
Iteration 2
Elapsed time for kappa 124.2773 sec
Elapsed time for experts 56.1667 sec
Elapsed time for households 53.6698 sec
Iteration 3
Elapsed time for kappa 134.0539 sec
Elapsed time for experts 55.9482 sec
Elapsed time for households 57.4111 sec
Iteration 4
Elapsed time for kappa 119.0449 sec
Elapsed time for experts 61.4075 sec
Elapsed time for households 51.7605 sec
Iteration 5
Elapsed time for kappa 119.9206 sec
Elapsed time for experts 59.8581 sec
Elapsed time for households 57.7276 sec
Iteration 6
Elapsed time for kappa 120.0553 sec
Elapsed time for experts 54.2326 sec
Elapsed time for households 50.7906 sec
Iteration 7
Elapsed time for kappa 115.3984 sec
Elapsed time for experts 51.6908 sec
Elapsed time for households 44.4937 sec
Iteration 8
Elapsed time for kappa 122.5169 sec
Elapsed time for experts 51.8873 sec
Elapsed time for households 51.4257 sec
Iteration 9
Elapsed time for kappa 112.4910 sec
Elapsed time for experts 48.4343 sec
Elapsed time for households 53.2425 sec
Elapsed time for training 2322.7160 sec
90000 90000 90000 90000
