Iteration 0
Elapsed time for kappa 102.2934 sec
Elapsed time for experts 38.7449 sec
Elapsed time for households 35.1666 sec
Iteration 1
Elapsed time for kappa 80.6594 sec
Elapsed time for experts 36.2122 sec
Elapsed time for households 32.3551 sec
Iteration 2
Elapsed time for kappa 79.3145 sec
Elapsed time for experts 35.0529 sec
Elapsed time for households 32.4249 sec
Iteration 3
Elapsed time for kappa 84.0773 sec
Elapsed time for experts 35.9503 sec
Elapsed time for households 33.1343 sec
Iteration 4
Elapsed time for kappa 79.1877 sec
Elapsed time for experts 35.3659 sec
Elapsed time for households 32.7503 sec
Iteration 5
Elapsed time for kappa 77.6445 sec
Elapsed time for experts 34.5592 sec
Elapsed time for households 32.9392 sec
Iteration 6
Elapsed time for kappa 78.8483 sec
Elapsed time for experts 35.4194 sec
Elapsed time for households 32.9597 sec
Iteration 7
Elapsed time for kappa 78.6029 sec
Elapsed time for experts 35.6910 sec
Elapsed time for households 32.5059 sec
Iteration 8
Elapsed time for kappa 79.0145 sec
Elapsed time for experts 41.2535 sec
Elapsed time for households 33.1715 sec
Iteration 9
Elapsed time for kappa 78.6915 sec
Elapsed time for experts 35.7576 sec
Elapsed time for households 33.4218 sec
Elapsed time for training 1513.8034 sec
90000 90000 90000 90000
