Iteration 0
Elapsed time for kappa 304.0211 sec
Elapsed time for experts 141.5990 sec
Elapsed time for households 44.3296 sec
Iteration 1
Elapsed time for kappa 282.8618 sec
Elapsed time for experts 127.2926 sec
Elapsed time for households 17.1665 sec
Iteration 2
Elapsed time for kappa 289.9134 sec
Elapsed time for experts 124.7682 sec
Elapsed time for households 10.8384 sec
Iteration 3
Elapsed time for kappa 298.5942 sec
Elapsed time for experts 124.3951 sec
Elapsed time for households 129.9587 sec
Iteration 4
Elapsed time for kappa 276.2447 sec
Elapsed time for experts 129.6891 sec
Elapsed time for households 127.9227 sec
Iteration 5
Elapsed time for kappa 257.0174 sec
Elapsed time for experts 143.4567 sec
Elapsed time for households 11.6853 sec
Iteration 6
Elapsed time for kappa 262.4952 sec
Elapsed time for experts 143.1674 sec
Elapsed time for households 11.0982 sec
Iteration 7
Elapsed time for kappa 251.6743 sec
Elapsed time for experts 130.9346 sec
Elapsed time for households 13.1835 sec
Iteration 8
Elapsed time for kappa 246.6032 sec
Elapsed time for experts 132.2205 sec
Elapsed time for households 125.8150 sec
Iteration 9
Elapsed time for kappa 210.4101 sec
Elapsed time for experts 98.8923 sec
Elapsed time for households 11.9268 sec
Elapsed time for training 4481.2378 sec
90000 90000 90000 90000
