Iteration 0
Elapsed time for kappa 327.2142 sec
Elapsed time for experts 187.7468 sec
Elapsed time for households 182.0651 sec
Iteration 1
Elapsed time for kappa 398.0973 sec
Elapsed time for experts 180.3304 sec
Elapsed time for households 191.0128 sec
Iteration 2
Elapsed time for kappa 423.7473 sec
Elapsed time for experts 146.9821 sec
Elapsed time for households 172.0740 sec
Iteration 3
Elapsed time for kappa 431.0633 sec
Elapsed time for experts 129.7696 sec
Elapsed time for households 178.0572 sec
Iteration 4
Elapsed time for kappa 418.7269 sec
Elapsed time for experts 164.2213 sec
Elapsed time for households 144.4479 sec
Iteration 5
Elapsed time for kappa 435.1560 sec
Elapsed time for experts 158.4871 sec
Elapsed time for households 16.5785 sec
Iteration 6
Elapsed time for kappa 392.2870 sec
Elapsed time for experts 175.0256 sec
Elapsed time for households 11.3630 sec
Iteration 7
Elapsed time for kappa 390.2382 sec
Elapsed time for experts 175.3037 sec
Elapsed time for households 18.0058 sec
Iteration 8
Elapsed time for kappa 431.7906 sec
Elapsed time for experts 178.9593 sec
Elapsed time for households 137.2704 sec
Iteration 9
Elapsed time for kappa 418.5763 sec
Elapsed time for experts 163.1411 sec
Elapsed time for households 137.7296 sec
Elapsed time for training 6916.4343 sec
90000 90000 90000 90000
