Iteration 0
Elapsed time for kappa 111.0027 sec
Elapsed time for experts 44.6841 sec
Elapsed time for households 39.1810 sec
Iteration 1
Elapsed time for kappa 88.0888 sec
Elapsed time for experts 38.7274 sec
Elapsed time for households 37.4748 sec
Iteration 2
Elapsed time for kappa 87.6551 sec
Elapsed time for experts 38.3818 sec
Elapsed time for households 35.4017 sec
Iteration 3
Elapsed time for kappa 91.7055 sec
Elapsed time for experts 39.5466 sec
Elapsed time for households 35.7462 sec
Iteration 4
Elapsed time for kappa 87.6874 sec
Elapsed time for experts 39.8072 sec
Elapsed time for households 37.8498 sec
Iteration 5
Elapsed time for kappa 84.9025 sec
Elapsed time for experts 40.1094 sec
Elapsed time for households 36.3230 sec
Iteration 6
Elapsed time for kappa 85.3970 sec
Elapsed time for experts 39.3775 sec
Elapsed time for households 36.7899 sec
Iteration 7
Elapsed time for kappa 83.6160 sec
Elapsed time for experts 37.7287 sec
Elapsed time for households 36.7419 sec
Iteration 8
Elapsed time for kappa 91.9705 sec
Elapsed time for experts 39.2041 sec
Elapsed time for households 35.3836 sec
Iteration 9
Elapsed time for kappa 84.0462 sec
Elapsed time for experts 40.8804 sec
Elapsed time for households 34.8266 sec
Iteration 10
Elapsed time for kappa 83.0366 sec
Elapsed time for experts 39.1435 sec
Elapsed time for households 36.7955 sec
Iteration 11
Elapsed time for kappa 84.5409 sec
Elapsed time for experts 36.9426 sec
Elapsed time for households 34.6950 sec
Iteration 12
Elapsed time for kappa 85.9440 sec
Elapsed time for experts 38.9550 sec
Elapsed time for households 33.5988 sec
Iteration 13
Elapsed time for kappa 82.9022 sec
Elapsed time for experts 44.7325 sec
Elapsed time for households 35.3955 sec
Iteration 14
Elapsed time for kappa 81.5270 sec
Elapsed time for experts 38.3718 sec
Elapsed time for households 35.6565 sec
Iteration 15
Elapsed time for kappa 82.3630 sec
Elapsed time for experts 36.6229 sec
Elapsed time for households 35.4151 sec
Iteration 16
Elapsed time for kappa 83.6691 sec
Elapsed time for experts 38.1202 sec
Elapsed time for households 35.9852 sec
Iteration 17
Elapsed time for kappa 81.0058 sec
Elapsed time for experts 38.4790 sec
Elapsed time for households 33.7909 sec
Elapsed time for training 2919.1594 sec
90000 90000 90000 90000
