Iteration 0
Elapsed time for kappa 114.3780 sec
Elapsed time for experts 45.5890 sec
Elapsed time for households 40.6252 sec
Iteration 1
Elapsed time for kappa 92.4571 sec
Elapsed time for experts 38.8789 sec
Elapsed time for households 37.9471 sec
Iteration 2
Elapsed time for kappa 93.6797 sec
Elapsed time for experts 39.5575 sec
Elapsed time for households 37.1642 sec
Iteration 3
Elapsed time for kappa 94.1748 sec
Elapsed time for experts 41.0155 sec
Elapsed time for households 37.6168 sec
Iteration 4
Elapsed time for kappa 89.7231 sec
Elapsed time for experts 40.1307 sec
Elapsed time for households 37.3052 sec
Iteration 5
Elapsed time for kappa 88.2712 sec
Elapsed time for experts 37.5160 sec
Elapsed time for households 35.0703 sec
Iteration 6
Elapsed time for kappa 90.9426 sec
Elapsed time for experts 37.9076 sec
Elapsed time for households 37.9662 sec
Iteration 7
Elapsed time for kappa 91.4707 sec
Elapsed time for experts 39.5873 sec
Elapsed time for households 36.3254 sec
Iteration 8
Elapsed time for kappa 89.1173 sec
Elapsed time for experts 45.9546 sec
Elapsed time for households 40.2905 sec
Iteration 9
Elapsed time for kappa 90.8034 sec
Elapsed time for experts 39.2771 sec
Elapsed time for households 37.6445 sec
Iteration 10
Elapsed time for kappa 90.3858 sec
Elapsed time for experts 41.0323 sec
Elapsed time for households 38.4878 sec
Iteration 11
Elapsed time for kappa 90.4462 sec
Elapsed time for experts 39.9498 sec
Elapsed time for households 38.4827 sec
Iteration 12
Elapsed time for kappa 93.9584 sec
Elapsed time for experts 40.8311 sec
Elapsed time for households 37.5564 sec
Iteration 13
Elapsed time for kappa 89.8303 sec
Elapsed time for experts 39.5374 sec
Elapsed time for households 44.2415 sec
Iteration 14
Elapsed time for kappa 91.6526 sec
Elapsed time for experts 41.4797 sec
Elapsed time for households 38.6193 sec
Iteration 15
Elapsed time for kappa 87.2196 sec
Elapsed time for experts 39.4051 sec
Elapsed time for households 37.3104 sec
Iteration 16
Elapsed time for kappa 87.1392 sec
Elapsed time for experts 38.7906 sec
Elapsed time for households 35.7415 sec
Iteration 17
Elapsed time for kappa 90.1141 sec
Elapsed time for experts 40.2562 sec
Elapsed time for households 37.8006 sec
Elapsed time for training 3069.9193 sec
90000 90000 90000 90000
