Iteration 0
Elapsed time for kappa 272.2844 sec
Elapsed time for experts 103.5112 sec
Elapsed time for households 96.4299 sec
Iteration 1
Elapsed time for kappa 230.0461 sec
Elapsed time for experts 108.6611 sec
Elapsed time for households 96.4910 sec
Iteration 2
Elapsed time for kappa 218.7277 sec
Elapsed time for experts 112.3551 sec
Elapsed time for households 107.8355 sec
Iteration 3
Elapsed time for kappa 241.5414 sec
Elapsed time for experts 86.9717 sec
Elapsed time for households 107.5837 sec
Iteration 4
Elapsed time for kappa 233.3314 sec
Elapsed time for experts 97.8467 sec
Elapsed time for households 96.1905 sec
Iteration 5
Elapsed time for kappa 246.1583 sec
Elapsed time for experts 97.2448 sec
Elapsed time for households 85.7477 sec
Iteration 6
Elapsed time for kappa 252.9144 sec
Elapsed time for experts 99.6912 sec
Elapsed time for households 92.8175 sec
Iteration 7
Elapsed time for kappa 239.9379 sec
Elapsed time for experts 98.8629 sec
Elapsed time for households 97.2054 sec
Iteration 8
Elapsed time for kappa 228.2220 sec
Elapsed time for experts 114.7083 sec
Elapsed time for households 93.1955 sec
Iteration 9
Elapsed time for kappa 209.6581 sec
Elapsed time for experts 105.0673 sec
Elapsed time for households 95.1639 sec
Elapsed time for training 4367.2772 sec
90000 90000 90000 90000
