Iteration 0
Elapsed time for kappa 319.4199 sec
Elapsed time for experts 123.6769 sec
Elapsed time for households 106.2887 sec
Iteration 1
Elapsed time for kappa 286.4021 sec
Elapsed time for experts 105.3277 sec
Elapsed time for households 121.6493 sec
Iteration 2
Elapsed time for kappa 282.8511 sec
Elapsed time for experts 107.1883 sec
Elapsed time for households 120.6823 sec
Iteration 3
Elapsed time for kappa 273.9325 sec
Elapsed time for experts 129.8656 sec
Elapsed time for households 110.8416 sec
Iteration 4
Elapsed time for kappa 281.3293 sec
Elapsed time for experts 122.2470 sec
Elapsed time for households 107.2077 sec
Iteration 5
Elapsed time for kappa 283.8636 sec
Elapsed time for experts 114.2877 sec
Elapsed time for households 112.6876 sec
Iteration 6
Elapsed time for kappa 285.6959 sec
Elapsed time for experts 115.2253 sec
Elapsed time for households 98.0391 sec
Iteration 7
Elapsed time for kappa 287.9369 sec
Elapsed time for experts 114.5258 sec
Elapsed time for households 102.1871 sec
Iteration 8
Elapsed time for kappa 276.7830 sec
Elapsed time for experts 107.7172 sec
Elapsed time for households 81.6267 sec
Iteration 9
Elapsed time for kappa 196.0553 sec
Elapsed time for experts 84.5168 sec
Elapsed time for households 81.3512 sec
Elapsed time for training 4942.3425 sec
90000 90000 90000 90000
