Iteration 0
Elapsed time for kappa 102.3240 sec
Elapsed time for experts 49.6808 sec
Elapsed time for households 42.0876 sec
Iteration 1
Elapsed time for kappa 99.9127 sec
Elapsed time for experts 36.3215 sec
Elapsed time for households 43.3656 sec
Iteration 2
Elapsed time for kappa 100.8531 sec
Elapsed time for experts 44.1572 sec
Elapsed time for households 31.7477 sec
Iteration 3
Elapsed time for kappa 104.5546 sec
Elapsed time for experts 42.9661 sec
Elapsed time for households 39.6616 sec
Iteration 4
Elapsed time for kappa 90.2413 sec
Elapsed time for experts 45.4159 sec
Elapsed time for households 38.1980 sec
Iteration 5
Elapsed time for kappa 87.9003 sec
Elapsed time for experts 42.4363 sec
Elapsed time for households 41.7609 sec
Iteration 6
Elapsed time for kappa 92.0574 sec
Elapsed time for experts 36.8786 sec
Elapsed time for households 37.4766 sec
Iteration 7
Elapsed time for kappa 96.3414 sec
Elapsed time for experts 41.1015 sec
Elapsed time for households 35.9716 sec
Iteration 8
Elapsed time for kappa 99.3322 sec
Elapsed time for experts 47.0538 sec
Elapsed time for households 38.0791 sec
Iteration 9
Elapsed time for kappa 56.9976 sec
Elapsed time for experts 45.6994 sec
Elapsed time for households 38.1742 sec
Iteration 10
Elapsed time for kappa 94.0254 sec
Elapsed time for experts 38.3142 sec
Elapsed time for households 42.3565 sec
Iteration 11
Elapsed time for kappa 66.8232 sec
Elapsed time for experts 39.8641 sec
Elapsed time for households 38.3264 sec
Iteration 12
Elapsed time for kappa 47.1396 sec
Elapsed time for experts 44.5032 sec
Elapsed time for households 36.7212 sec
Iteration 13
Elapsed time for kappa 63.7759 sec
Elapsed time for experts 44.4454 sec
Elapsed time for households 32.9533 sec
Iteration 14
Elapsed time for kappa 48.9054 sec
Elapsed time for experts 36.3738 sec
Elapsed time for households 32.3871 sec
Elapsed time for training 2456.6593 sec
90000 90000 90000 90000
